{"level":"error","message":"This is an error message.","service":"my-app"}
{"level":"error","message":"This is an error message.","service":"my-app"}
{"level":"error","message":"This is an error message.","service":"my-app"}
{"level":"error","message":"This is an error message.","service":"my-app"}
{"level":"error","message":"This is an error message.","service":"my-app"}
{"level":"error","message":"This is an error message.","service":"my-app"}
{"level":"error","message":"This is an error message.","service":"my-app"}
{"level":"error","message":"This is an error message.","service":"my-app"}
{"level":"error","message":"This is an error message.","service":"my-app"}
{"code":"ER_PARSE_ERROR","errno":1064,"level":"error","message":"Database error  You have an error in your SQL syntax; check the manual that corresponds to your MariaDB server version for the right syntax to use near 'WHERE d.txn_date BETWEEN 'undefined 00:00:00' AND 'undefined 23:59:59'' at line 1","service":"my-app","sql":"SELECT d.* FROM dynamic_customer d WHERE d.record_status != 1 WHERE d.txn_date BETWEEN 'undefined 00:00:00' AND 'undefined 23:59:59'","sqlMessage":"You have an error in your SQL syntax; check the manual that corresponds to your MariaDB server version for the right syntax to use near 'WHERE d.txn_date BETWEEN 'undefined 00:00:00' AND 'undefined 23:59:59'' at line 1","sqlState":"42000","stack":"Error: You have an error in your SQL syntax; check the manual that corresponds to your MariaDB server version for the right syntax to use near 'WHERE d.txn_date BETWEEN 'undefined 00:00:00' AND 'undefined 23:59:59'' at line 1\n    at PromisePool.query (/Users/soubinkittiphanh/Desktop/Pro/online_store/online_store_api_bae/node_modules/mysql2/promise.js:341:22)\n    at findCancelOrder (/Users/soubinkittiphanh/Desktop/Pro/online_store/online_store_api_bae/src/controllers/client/userOrder.js:482:45)\n    at Layer.handle [as handle_request] (/Users/soubinkittiphanh/Desktop/Pro/online_store/online_store_api_bae/node_modules/express/lib/router/layer.js:95:5)\n    at next (/Users/soubinkittiphanh/Desktop/Pro/online_store/online_store_api_bae/node_modules/express/lib/router/route.js:137:13)\n    at Route.dispatch (/Users/soubinkittiphanh/Desktop/Pro/online_store/online_store_api_bae/node_modules/express/lib/router/route.js:112:3)\n    at Layer.handle [as handle_request] (/Users/soubinkittiphanh/Desktop/Pro/online_store/online_store_api_bae/node_modules/express/lib/router/layer.js:95:5)\n    at /Users/soubinkittiphanh/Desktop/Pro/online_store/online_store_api_bae/node_modules/express/lib/router/index.js:281:22\n    at Function.process_params (/Users/soubinkittiphanh/Desktop/Pro/online_store/online_store_api_bae/node_modules/express/lib/router/index.js:341:12)\n    at next (/Users/soubinkittiphanh/Desktop/Pro/online_store/online_store_api_bae/node_modules/express/lib/router/index.js:275:10)\n    at /Users/soubinkittiphanh/Desktop/Pro/online_store/online_store_api_bae/src/api/jwtApi.js:16:9"}
{"level":"error","message":"This is an error message.","service":"my-app"}
{"code":"ER_PARSE_ERROR","errno":1064,"level":"error","message":"Database error  You have an error in your SQL syntax; check the manual that corresponds to your MariaDB server version for the right syntax to use near 'WHERE d.txn_date BETWEEN '[object Object] 00:00:00' AND '[object Object] 23:5...' at line 1","service":"my-app","sql":"SELECT d.* FROM dynamic_customer d WHERE d.record_status != 1 WHERE d.txn_date BETWEEN '[object Object] 00:00:00' AND '[object Object] 23:59:59'","sqlMessage":"You have an error in your SQL syntax; check the manual that corresponds to your MariaDB server version for the right syntax to use near 'WHERE d.txn_date BETWEEN '[object Object] 00:00:00' AND '[object Object] 23:5...' at line 1","sqlState":"42000","stack":"Error: You have an error in your SQL syntax; check the manual that corresponds to your MariaDB server version for the right syntax to use near 'WHERE d.txn_date BETWEEN '[object Object] 00:00:00' AND '[object Object] 23:5...' at line 1\n    at PromisePool.query (/Users/soubinkittiphanh/Desktop/Pro/online_store/online_store_api_bae/node_modules/mysql2/promise.js:341:22)\n    at findCancelOrder (/Users/soubinkittiphanh/Desktop/Pro/online_store/online_store_api_bae/src/controllers/client/userOrder.js:482:45)\n    at Layer.handle [as handle_request] (/Users/soubinkittiphanh/Desktop/Pro/online_store/online_store_api_bae/node_modules/express/lib/router/layer.js:95:5)\n    at next (/Users/soubinkittiphanh/Desktop/Pro/online_store/online_store_api_bae/node_modules/express/lib/router/route.js:137:13)\n    at Route.dispatch (/Users/soubinkittiphanh/Desktop/Pro/online_store/online_store_api_bae/node_modules/express/lib/router/route.js:112:3)\n    at Layer.handle [as handle_request] (/Users/soubinkittiphanh/Desktop/Pro/online_store/online_store_api_bae/node_modules/express/lib/router/layer.js:95:5)\n    at /Users/soubinkittiphanh/Desktop/Pro/online_store/online_store_api_bae/node_modules/express/lib/router/index.js:281:22\n    at Function.process_params (/Users/soubinkittiphanh/Desktop/Pro/online_store/online_store_api_bae/node_modules/express/lib/router/index.js:341:12)\n    at next (/Users/soubinkittiphanh/Desktop/Pro/online_store/online_store_api_bae/node_modules/express/lib/router/index.js:275:10)\n    at /Users/soubinkittiphanh/Desktop/Pro/online_store/online_store_api_bae/src/api/jwtApi.js:16:9"}
{"level":"error","message":"This is an error message.","service":"my-app"}
{"code":"ER_PARSE_ERROR","errno":1064,"level":"error","message":"Database error  You have an error in your SQL syntax; check the manual that corresponds to your MariaDB server version for the right syntax to use near 'WHERE d.txn_date BETWEEN '2023-05-18 00:00:00' AND '2023-05-18 23:59:59'' at line 1","service":"my-app","sql":"SELECT d.* FROM dynamic_customer d WHERE d.record_status != 1 WHERE d.txn_date BETWEEN '2023-05-18 00:00:00' AND '2023-05-18 23:59:59'","sqlMessage":"You have an error in your SQL syntax; check the manual that corresponds to your MariaDB server version for the right syntax to use near 'WHERE d.txn_date BETWEEN '2023-05-18 00:00:00' AND '2023-05-18 23:59:59'' at line 1","sqlState":"42000","stack":"Error: You have an error in your SQL syntax; check the manual that corresponds to your MariaDB server version for the right syntax to use near 'WHERE d.txn_date BETWEEN '2023-05-18 00:00:00' AND '2023-05-18 23:59:59'' at line 1\n    at PromisePool.query (/Users/soubinkittiphanh/Desktop/Pro/online_store/online_store_api_bae/node_modules/mysql2/promise.js:341:22)\n    at findCancelOrder (/Users/soubinkittiphanh/Desktop/Pro/online_store/online_store_api_bae/src/controllers/client/userOrder.js:481:45)\n    at Layer.handle [as handle_request] (/Users/soubinkittiphanh/Desktop/Pro/online_store/online_store_api_bae/node_modules/express/lib/router/layer.js:95:5)\n    at next (/Users/soubinkittiphanh/Desktop/Pro/online_store/online_store_api_bae/node_modules/express/lib/router/route.js:137:13)\n    at Route.dispatch (/Users/soubinkittiphanh/Desktop/Pro/online_store/online_store_api_bae/node_modules/express/lib/router/route.js:112:3)\n    at Layer.handle [as handle_request] (/Users/soubinkittiphanh/Desktop/Pro/online_store/online_store_api_bae/node_modules/express/lib/router/layer.js:95:5)\n    at /Users/soubinkittiphanh/Desktop/Pro/online_store/online_store_api_bae/node_modules/express/lib/router/index.js:281:22\n    at Function.process_params (/Users/soubinkittiphanh/Desktop/Pro/online_store/online_store_api_bae/node_modules/express/lib/router/index.js:341:12)\n    at next (/Users/soubinkittiphanh/Desktop/Pro/online_store/online_store_api_bae/node_modules/express/lib/router/index.js:275:10)\n    at /Users/soubinkittiphanh/Desktop/Pro/online_store/online_store_api_bae/src/api/jwtApi.js:16:9"}
{"level":"error","message":"This is an error message.","service":"my-app"}
{"code":"ER_PARSE_ERROR","errno":1064,"level":"error","message":"Database error  You have an error in your SQL syntax; check the manual that corresponds to your MariaDB server version for the right syntax to use near 'WHERE d.txn_date BETWEEN '2023-05-18 00:00:00' AND '2023-05-18 23:59:59'' at line 1","service":"my-app","sql":"SELECT d.* FROM dynamic_customer d WHERE d.record_status != 1 WHERE d.txn_date BETWEEN '2023-05-18 00:00:00' AND '2023-05-18 23:59:59'","sqlMessage":"You have an error in your SQL syntax; check the manual that corresponds to your MariaDB server version for the right syntax to use near 'WHERE d.txn_date BETWEEN '2023-05-18 00:00:00' AND '2023-05-18 23:59:59'' at line 1","sqlState":"42000","stack":"Error: You have an error in your SQL syntax; check the manual that corresponds to your MariaDB server version for the right syntax to use near 'WHERE d.txn_date BETWEEN '2023-05-18 00:00:00' AND '2023-05-18 23:59:59'' at line 1\n    at PromisePool.query (/Users/soubinkittiphanh/Desktop/Pro/online_store/online_store_api_bae/node_modules/mysql2/promise.js:341:22)\n    at findCancelOrder (/Users/soubinkittiphanh/Desktop/Pro/online_store/online_store_api_bae/src/controllers/client/userOrder.js:482:45)\n    at Layer.handle [as handle_request] (/Users/soubinkittiphanh/Desktop/Pro/online_store/online_store_api_bae/node_modules/express/lib/router/layer.js:95:5)\n    at next (/Users/soubinkittiphanh/Desktop/Pro/online_store/online_store_api_bae/node_modules/express/lib/router/route.js:137:13)\n    at Route.dispatch (/Users/soubinkittiphanh/Desktop/Pro/online_store/online_store_api_bae/node_modules/express/lib/router/route.js:112:3)\n    at Layer.handle [as handle_request] (/Users/soubinkittiphanh/Desktop/Pro/online_store/online_store_api_bae/node_modules/express/lib/router/layer.js:95:5)\n    at /Users/soubinkittiphanh/Desktop/Pro/online_store/online_store_api_bae/node_modules/express/lib/router/index.js:281:22\n    at Function.process_params (/Users/soubinkittiphanh/Desktop/Pro/online_store/online_store_api_bae/node_modules/express/lib/router/index.js:341:12)\n    at next (/Users/soubinkittiphanh/Desktop/Pro/online_store/online_store_api_bae/node_modules/express/lib/router/index.js:275:10)\n    at /Users/soubinkittiphanh/Desktop/Pro/online_store/online_store_api_bae/src/api/jwtApi.js:16:9"}
{"level":"error","message":"This is an error message.","service":"my-app"}
{"level":"error","message":"This is an error message.","service":"my-app"}
{"level":"error","message":"This is an error message.","service":"my-app"}
{"level":"error","message":"Row counted: ","service":"my-app"}
{"level":"error","message":"This is an error message.","service":"my-app"}
{"level":"error","message":"Row counted: 0","service":"my-app"}
{"level":"error","message":"This is an error message.","service":"my-app"}
{"level":"error","message":"This is an error message.","service":"my-app"}
{"level":"error","message":"This is an error message.","service":"my-app"}
{"level":"error","message":"This is an error message.","service":"my-app"}
{"level":"error","message":"Row counted: 12","service":"my-app"}
{"level":"error","message":"Row counted: 0","service":"my-app"}
{"level":"error","message":"Row counted: 0","service":"my-app"}
{"level":"error","message":"Row counted: 9","service":"my-app"}
{"level":"error","message":"This is an error message.","service":"my-app"}
{"level":"error","message":"This is an error message.","service":"my-app"}
{"level":"error","message":"This is an error message.","service":"my-app"}
{"level":"error","message":"Row counted: 0","service":"my-app"}
{"level":"error","message":"Row counted: 11","service":"my-app"}
{"level":"error","message":"Row counted: 0","service":"my-app"}
{"level":"error","message":"Row counted: 0","service":"my-app"}
{"level":"error","message":"Row counted: 11","service":"my-app"}
{"level":"error","message":"Row counted: 0","service":"my-app"}
{"level":"error","message":"Row counted: 0","service":"my-app"}
{"level":"error","message":"Row counted: 11","service":"my-app"}
